<?xml version="1.0" encoding="UTF-8"?>
<!-- Generated by org.testng.reporters.JUnitReportReporter -->
<testsuite hostname="Q14589" name="com.stockaccounting.scripts.SuppliersTestng" tests="3" failures="0" timestamp="18 Jul 2016 09:39:40 GMT" time="38.112" errors="0">
  <testcase name="Suppliers" time="2.260" classname="com.stockaccounting.scripts.SuppliersTestng"/>
  <testcase name="Suppliercreation" time="16.972" classname="com.stockaccounting.scripts.SuppliersTestng"/>
  <testcase name="Suppliercreation" time="18.880" classname="com.stockaccounting.scripts.SuppliersTestng"/>
</testsuite> <!-- com.stockaccounting.scripts.SuppliersTestng -->
