<?xml version="1.0" encoding="UTF-8"?>
<!-- Generated by org.testng.reporters.JUnitReportReporter -->
<testsuite hostname="Q14589" name="com.stockaccounting.scripts.SuppliersTestng" tests="3" failures="0" timestamp="18 Jul 2016 11:25:10 GMT" time="36.545" errors="0">
  <testcase name="Suppliercreation" time="17.051" classname="com.stockaccounting.scripts.SuppliersTestng"/>
  <testcase name="Suppliercreation" time="17.196" classname="com.stockaccounting.scripts.SuppliersTestng"/>
  <testcase name="Suppliers" time="2.298" classname="com.stockaccounting.scripts.SuppliersTestng"/>
</testsuite> <!-- com.stockaccounting.scripts.SuppliersTestng -->
