<?xml version="1.0" encoding="UTF-8"?>
<!-- Generated by org.testng.reporters.JUnitReportReporter -->
<testsuite hostname="Q14589" name="com.stockaccounting.scripts.SAexe" tests="1" failures="0" timestamp="15 Jul 2016 11:54:47 GMT" time="30.074" errors="0">
  <testcase name="exe" time="30.074" classname="com.stockaccounting.scripts.SAexe"/>
</testsuite> <!-- com.stockaccounting.scripts.SAexe -->
