<?xml version="1.0" encoding="UTF-8"?>
<!-- Generated by org.testng.reporters.JUnitReportReporter -->
<testsuite hostname="Q14589" name="com.stockaccounting.scripts.SAtcs" tests="3" failures="0" timestamp="13 Jul 2016 08:45:18 GMT" time="25.564" errors="0">
  <testcase name="Unit_Of_Measurement" time="8.377" classname="com.stockaccounting.scripts.SAtcs"/>
  <testcase name="Unit_Of_Measurement" time="10.351" classname="com.stockaccounting.scripts.SAtcs"/>
  <testcase name="Unit_Of_Measurement" time="6.836" classname="com.stockaccounting.scripts.SAtcs"/>
</testsuite> <!-- com.stockaccounting.scripts.SAtcs -->
